# 任务执行日志

## 阶段三：模型构建 - T3.1 ~ T3.5（全部完成）

### 执行时间
2026-06-07 19:39 - 2026-06-07 19:45

### 任务概述
实现 ERes2NetV2 说话人识别 Backbone 及相关模块。

### T3.1 ERes2NetV2 Backbone 实现 ✅
- ✅ 实现 `ERes2NetV2BasicBlock`（expansion=1，用于 34 层）
- ✅ 实现 `ERes2NetV2Bottleneck`（expansion=4，用于 50/101/152 层）
- ✅ 分组特征提取 + 特征复用机制
- ✅ SE-Block 通道注意力
- ✅ 选择性残差融合（可学习 α, β）
- ✅ Attentive Statistics Pooling（说话人识别标准池化）
- ✅ 前向传播测试：4 变体全部通过
- ✅ 梯度反传测试：无 NaN/Inf

### T3.2 模型变体配置 ✅
- ✅ ERes2NetV2-34：4.75M 参数，[3,4,6,3] blocks
- ✅ ERes2NetV2-50：16.65M 参数，[3,4,6,3] blocks
- ✅ ERes2NetV2-101：28.40M 参数，[3,4,23,3] blocks
- ✅ ERes2NetV2-152：38.08M 参数，[3,8,36,3] blocks
- ✅ 统一工厂函数 `create_eres2netv2()` + 便捷函数

### T3.3 预训练权重支持 ✅
- ✅ `_init_weights()` 自动初始化
- ✅ `num_parameters()` 参数量统计
- ✅ Checkpoint 保存/恢复机制（state_dict 兼容）
- ✅ 分类头可选（num_speakers=None 时仅输出 embedding）

### T3.4 模型验证 ✅
- ✅ 输出维度验证：(batch, 1, 80, 300) → (batch, 192)
- ✅ 前向传播：4 变体无报错
- ✅ 梯度反传：loss=7.53，无 NaN/Inf
- ✅ GPU 推理：loss=6.97，显存占用 51.9MB

### T3.5 辅助模块 ✅
- ✅ AAMSoftmaxLoss（说话人识别标准损失）
- ✅ ArcFaceLoss（可选损失函数）
- ✅ AttentiveStatsPool（注意力统计池化）
- ✅ SELayer（通道注意力）

### 测试输出
```
🧪 测试 1: 前向传播
  ✅ ERes2NetV2-34: input(2,1,80,300) → embedding(2,192), 参数: 4.75M
  ✅ ERes2NetV2-50: input(2,1,80,300) → embedding(2,192), 参数: 16.65M
  ✅ ERes2NetV2-101: input(2,1,80,300) → embedding(2,192), 参数: 28.40M
  ✅ ERes2NetV2-152: input(2,1,80,300) → embedding(2,192), 参数: 38.08M

🧪 测试 2: 带分类头
  ✅ ERes2NetV2-34 + classifier: input(2,1,80,300) → embedding(2,192) + logits(2,100)

🧪 测试 3: 梯度反传
  ✅ 梯度反传正常，loss=7.5297
  ✅ 无 NaN/Inf 梯度

🧪 测试 4: AAM-Softmax 损失
  ✅ AAM-Softmax: batch=32, loss=7.7520

🧪 测试 5: GPU 推理
  ✅ GPU 推理正常，loss=6.9708
  ✅ GPU 显存占用: 51.9 MB
```

---


## 阶段二：数据准备 - T2.1 ~ T2.5（批量执行）

### 执行时间
2026-06-07 18:10 - 2026-06-07 18:15

### 执行者
Siri (OpenClaw Agent)

### 任务概述
根据主人要求，将项目方向从"图像分类"调整为"说话人识别"，使用 VoxCeleb 数据集。
执行了以下工作：

### 1. 文档调整

#### 1.1 README.md 更新
- ✅ 项目标题改为"ERes2NetV2 说话人识别 Pipeline"
- ✅ 项目背景更新为说话人识别任务
- ✅ 添加数据集说明表格
- ✅ 更新关键技术决策表（添加 FBank、AAM-Softmax、EER/minDCF）

#### 1.2 TASK_PLAN.md 更新
- ✅ 阶段二"数据准备"全面改写为音频/说话人识别版本
- ✅ 添加数据集说明和决策表

#### 1.3 任务文档更新（02_数据准备/ 目录下 5 个文件）
- ✅ `01_数据集选择与获取.md` → VoxCeleb 版本
- ✅ `02_数据探索与分析EDA.md` → 音频 EDA 版本
- ✅ `03_数据预处理与增强.md` → FBank/SpecAugment 版本
- ✅ `04_数据集划分.md` → 说话人分离划分版本
- ✅ `05_DataLoader构建.md` → SpeakerDataset 版本

### 2. 脚本创建

#### 2.1 `scripts/download_voxceleb.py`
- ✅ VoxCeleb1 Dev/Test 自动下载脚本
- ✅ 支持分卷下载（Dev 集 4 个部分）
- ✅ 支持 --dev / --test / --meta / --all 参数

#### 2.2 `scripts/extract_features.py`
- ✅ AudioPreprocessor 类
  - 音频加载、重采样、单声道转换
  - 预加重
  - FBank 特征提取（80 维）
  - 固定长度填充/截断
- ✅ 测试模式（--test）
- ✅ 批量提取模式（--batch）

#### 2.3 `scripts/prepare_voxceleb.py`
- ✅ 完整 Pipeline：下载 → EDA → 特征提取 → 划分
- ✅ 分步执行支持

#### 2.4 `src/datasets/speaker_dataset.py`
- ✅ SpeakerDataset 类（继承 torch.utils.data.Dataset）
  - 从 .npy FBank 特征文件加载
  - 支持固定长度
  - 自动说话人标签编码
- ✅ NWayKShotSampler（N-way K-shot 采样）
- ✅ SpeakerDataLoader 工厂类
- ✅ create_datasets() 便捷函数

#### 2.5 `src/datasets/__init__.py`
- ✅ 模块导出

### 3. 配置文件
- ✅ `configs/data_config.yaml`（音频参数、增强参数、DataLoader 配置）
- ✅ `requirements.txt`（项目依赖）
- ✅ `data/README.md`（数据集说明）

### 4. 目录结构
```
vsprint/
├── data/
│   ├── README.md
│   ├── voxceleb/          # 待填充（需手动下载或运行下载脚本）
│   └── musan/             # 待填充（可选）
├── scripts/
│   ├── download_voxceleb.py   # ✅ 已创建
│   ├── extract_features.py    # ✅ 已创建
│   └── prepare_voxceleb.py    # ✅ 已创建
├── src/
│   └── datasets/
│       ├── __init__.py        # ✅ 已创建
│       └── speaker_dataset.py # ✅ 已创建
└── configs/
    └── data_config.yaml       # ✅ 已创建
```

### 5. 待完成（需要主人操作）
- ⏳ 下载 VoxCeleb1 数据集（~12GB）
  - 方式一：运行 `python scripts/download_voxceleb.py --all`
  - 方式二：手动从 https://www.robots.ox.ac.uk/~vgg/data/voxceleb/vox1.html 下载
- ⏳ 安装依赖：`pip install librosa soundfile torch numpy tqdm pyyaml`
- ⏳ 运行特征提取：`python scripts/prepare_voxceleb.py --extract`
- ⏳ 运行数据集划分：`python scripts/prepare_voxceleb.py --split`

### 备注
- 项目方向已完全从"图像分类"调整为"说话人识别"
- 所有任务文档、README、TASK_PLAN 均已更新
- 数据集准备脚本和 DataLoader 实现已完成

## 阶段二：数据准备 - T2.3 特征提取 Pipeline 验证

### 执行时间
2026-06-07 19:26

### 音频依赖安装
- ✅ librosa 0.11.0
- ✅ soundfile 0.14.0
- ✅ scipy, scikit-learn, numba 等依赖

### FBank Pipeline 测试结果
- ✅ FBank 特征形状: (301, 81) — 301 帧, 80 维 FBank + 1 维能量
- ✅ 固定长度填充/截断正常
- ✅ 预加重正常
- ✅ Pipeline 通过！

### 硬件环境
| 项目 | 规格 |
|------|------|
| GPU | NVIDIA GeForce RTX 5070 Ti |
| 显存 | 15.9 GB |
| CUDA | 12.8 |
| CPU | 16 核心 |
| C盘可用 | 102 GB |

### 备注
- 官方下载源（牛津大学）从国内访问不稳定，HTTP 404/超时
- 建议用下载器手动下载 VoxCeleb1 数据
- 依赖已就绪，FBank 提取 pipeline 已验证通过
- 数据集到位后可直接运行特征提取和划分
