=== Verify Generation Run Log ===
Started: 2026-06-03 01:25:23

[2026-06-03 01:25:23] Scanning task documents...
[2026-06-03 01:25:23] Found 37 task documents
[2026-06-03 01:25:23] SKIP (exists): 01_环境搭建\01_硬件评估与选择.md
[2026-06-03 01:25:23] SKIP (exists): 01_环境搭建\02_Python环境配置.md
[2026-06-03 01:25:23] SKIP (exists): 01_环境搭建\03_深度学习框架安装.md
[2026-06-03 01:25:23] SKIP (exists): 01_环境搭建\04_代码工程化准备.md
[2026-06-03 01:25:23] SKIP (exists): 01_环境搭建\05_实验追踪工具.md
[2026-06-03 01:25:23] SKIP (exists): 01_环境搭建\hardware_report.md
[2026-06-03 01:25:23] SKIP (exists): 02_数据准备\01_数据集选择与获取.md
[2026-06-03 01:25:23] SKIP (exists): 02_数据准备\02_数据探索与分析EDA.md
[2026-06-03 01:25:23] SKIP (exists): 02_数据准备\03_数据预处理与增强.md
[2026-06-03 01:25:23] SKIP (exists): 02_数据准备\04_数据集划分.md
[2026-06-03 01:25:23] SKIP (exists): 02_数据准备\05_DataLoader构建.md
[2026-06-03 01:25:23] SKIP (exists): 03_模型构建\01_ERes2NetV2Backbone实现.md
[2026-06-03 01:25:23] SKIP (exists): 03_模型构建\02_模型变体配置.md
[2026-06-03 01:25:23] SKIP (exists): 03_模型构建\03_预训练权重支持.md
[2026-06-03 01:25:23] SKIP (exists): 03_模型构建\04_模型验证.md
[2026-06-03 01:25:23] Processing [16/37]: 03_模型构建\05_辅助模块.md
[2026-06-03 01:28:01]   OK: 03_模型构建\05_辅助模块.md (23192 bytes)
[2026-06-03 01:28:02] Processing [17/37]: 04_训练流程\01_损失函数设计.md
[2026-06-03 01:29:56]   OK: 04_训练流程\01_损失函数设计.md (14863 bytes)
[2026-06-03 01:29:57] Processing [18/37]: 04_训练流程\02_优化器配置.md
[2026-06-03 01:31:29]   OK: 04_训练流程\02_优化器配置.md (12041 bytes)
[2026-06-03 01:31:30] Processing [19/37]: 04_训练流程\03_训练循环实现.md
[2026-06-03 01:34:14]   OK: 04_训练流程\03_训练循环实现.md (26885 bytes)
[2026-06-03 01:34:15] Processing [20/37]: 04_训练流程\04_验证流程.md
[2026-06-03 01:36:07]   OK: 04_训练流程\04_验证流程.md (16826 bytes)
[2026-06-03 01:36:08] Processing [21/37]: 04_训练流程\05_训练策略.md
[2026-06-03 01:40:34]   OK: 04_训练流程\05_训练策略.md (47490 bytes)
[2026-06-03 01:40:35] Processing [22/37]: 04_训练流程\06_训练超参数配置.md
[2026-06-03 01:43:43]   OK: 04_训练流程\06_训练超参数配置.md (28518 bytes)
[2026-06-03 01:43:44] Processing [23/37]: 04_训练流程\07_训练监控.md
[2026-06-03 01:49:10]   FAIL (code 1): 04_训练流程\07_训练监控.md stdout: API Error: peer closed connection without sending complete message body (incomplete chunked read)

[2026-06-03 01:49:11] Processing [24/37]: 05_评估与测试\01_标准评估指标.md
[2026-06-03 01:51:26]   OK: 05_评估与测试\01_标准评估指标.md (18545 bytes)
[2026-06-03 01:51:27] Processing [25/37]: 05_评估与测试\02_测试集评估.md
[2026-06-03 01:53:14]   OK: 05_评估与测试\02_测试集评估.md (17474 bytes)
[2026-06-03 01:53:15] Processing [26/37]: 05_评估与测试\03_鲁棒性评估.md
[2026-06-03 01:54:56]   OK: 05_评估与测试\03_鲁棒性评估.md (15222 bytes)
[2026-06-03 01:54:57] Processing [27/37]: 05_评估与测试\04_效率评估.md
[2026-06-03 01:58:34]   OK: 05_评估与测试\04_效率评估.md (38505 bytes)
[2026-06-03 01:58:35] Processing [28/37]: 05_评估与测试\05_消融实验.md
[2026-06-03 02:03:28]   OK: 05_评估与测试\05_消融实验.md (59116 bytes)
[2026-06-03 02:03:29] Processing [29/37]: 05_评估与测试\06_错误分析.md
[2026-06-03 02:04:09]   OK (from stdout): 05_评估与测试\06_错误分析.md (625 bytes)
[2026-06-03 02:04:10] Processing [30/37]: 06_部署与推理\01_模型导出与优化.md
[2026-06-03 02:06:34]   OK: 06_部署与推理\01_模型导出与优化.md (19523 bytes)
[2026-06-03 02:06:35] Processing [31/37]: 06_部署与推理\02_推理引擎选型.md
[2026-06-03 02:09:09]   OK: 06_部署与推理\02_推理引擎选型.md (22526 bytes)
[2026-06-03 02:09:10] Processing [32/37]: 06_部署与推理\03_推理服务搭建.md
[2026-06-03 02:11:02]   OK: 06_部署与推理\03_推理服务搭建.md (14135 bytes)
[2026-06-03 02:11:03] Processing [33/37]: 06_部署与推理\04_性能调优.md
[2026-06-03 02:13:23]   OK: 06_部署与推理\04_性能调优.md (18669 bytes)
[2026-06-03 02:13:24] Processing [34/37]: 06_部署与推理\05_监控与告警.md
[2026-06-03 02:15:36]   OK: 06_部署与推理\05_监控与告警.md (17546 bytes)
[2026-06-03 02:15:37] Processing [35/37]: 07_监控与维护\01_数据漂移监控.md
[2026-06-03 02:17:35]   OK: 07_监控与维护\01_数据漂移监控.md (18856 bytes)
[2026-06-03 02:17:36] Processing [36/37]: 07_监控与维护\02_模型迭代.md
[2026-06-03 02:19:30]   OK: 07_监控与维护\02_模型迭代.md (16727 bytes)
[2026-06-03 02:19:31] Processing [37/37]: 07_监控与维护\03_文档维护.md
[2026-06-03 02:21:44]   OK: 07_监控与维护\03_文档维护.md (18095 bytes)
[2026-06-03 02:21:45] 
[2026-06-03 02:21:45] ============================================================
[2026-06-03 02:21:45] SUMMARY
[2026-06-03 02:21:45] ============================================================
[2026-06-03 02:21:45] Done:    21
[2026-06-03 02:21:45] Skipped: 15
[2026-06-03 02:21:45] Failed:  1
[2026-06-03 02:21:45] Failed tasks:
[2026-06-03 02:21:45]   - 04_训练流程\07_训练监控.md
[2026-06-03 02:21:45] Total:   37
[2026-06-03 02:21:45] ============================================================
[2026-06-03 02:21:45] Summary saved to: C:\Users\Administrator\vsprint\docs\superpowers\audit\verify_summary.json
